Using pre-set license
Built from '2020.3/release' branch; Version is '2020.3.15f2 (6cf78cb77498) revision 7141260'; Using compiler version '192528614'; Build Type 'Release'
OS: 'Windows Server 2022 Standard; OS build 20348.1006; Version 2009; 64bit' Language: 'en' Physical Memory: 32440 MB
BatchMode: 1, IsHumanControllingUs: 0, StartBugReporterOnCrash: 0, Is64bit: 1, IsPro: 0

 COMMAND LINE ARGUMENTS:
C:\Program Files\Unity\Hub\Editor\2020.3.15f2\Editor\Unity.exe
-adb2
-batchMode
-noUpm
-name
AssetImportWorker0
-projectPath
E:/Users/drm123/Documents/GitHub/MissionDemolition2022/Mission Demolition
-logFile
Logs/AssetImportWorker0.log
-srvPort
50446
Successfully changed project path to: E:/Users/drm123/Documents/GitHub/MissionDemolition2022/Mission Demolition
E:/Users/drm123/Documents/GitHub/MissionDemolition2022/Mission Demolition
Using Asset Import Pipeline V2.
Refreshing native plugins compatible for Editor in 31.22 ms, found 2 plugins.
Preloading 0 native plugins for Editor in 0.00 ms.
Initialize engine version: 2020.3.15f2 (6cf78cb77498)
[Subsystems] Discovering subsystems at path C:/Program Files/Unity/Hub/Editor/2020.3.15f2/Editor/Data/Resources/UnitySubsystems
[Subsystems] Discovering subsystems at path E:/Users/drm123/Documents/GitHub/MissionDemolition2022/Mission Demolition/Assets
GfxDevice: creating device client; threaded=0
Direct3D:
    Version:  Direct3D 11.0 [level 11.1]
    Renderer: NVIDIA GeForce GTX 1080 (ID=0x1b80)
    Vendor:   
    VRAM:     8079 MB
    Driver:   31.0.15.1748
Initialize mono
Mono path[0] = 'C:/Program Files/Unity/Hub/Editor/2020.3.15f2/Editor/Data/Managed'
Mono path[1] = 'C:/Program Files/Unity/Hub/Editor/2020.3.15f2/Editor/Data/MonoBleedingEdge/lib/mono/unityjit'
Mono config path = 'C:/Program Files/Unity/Hub/Editor/2020.3.15f2/Editor/Data/MonoBleedingEdge/etc'
Using monoOptions --debugger-agent=transport=dt_socket,embedding=1,server=y,suspend=n,address=127.0.0.1:56824
Begin MonoManager ReloadAssembly
Registering precompiled unity dll's ...
Register platform support module: C:/Program Files/Unity/Hub/Editor/2020.3.15f2/Editor/Data/PlaybackEngines/WindowsStandaloneSupport/UnityEditor.WindowsStandalone.Extensions.dll
Registered in 0.001659 seconds.
Native extension for WindowsStandalone target not found
Refreshing native plugins compatible for Editor in 28.46 ms, found 2 plugins.
Preloading 0 native plugins for Editor in 0.00 ms.
Mono: successfully reloaded assembly
- Completed reload, in  1.235 seconds
Domain Reload Profiling:
	ReloadAssembly (1236ms)
		BeginReloadAssembly (51ms)
			ExecutionOrderSort (0ms)
			DisableScriptedObjects (0ms)
			BackupInstance (0ms)
			ReleaseScriptingObjects (0ms)
			CreateAndSetChildDomain (1ms)
		EndReloadAssembly (534ms)
			LoadAssemblies (49ms)
			RebuildTransferFunctionScriptingTraits (0ms)
			SetupTypeCache (223ms)
			ReleaseScriptCaches (0ms)
			RebuildScriptCaches (35ms)
			SetupLoadedEditorAssemblies (201ms)
				LogAssemblyErrors (0ms)
				InitializePlatformSupportModulesInManaged (4ms)
				SetLoadedEditorAssemblies (0ms)
				RefreshPlugins (29ms)
				BeforeProcessingInitializeOnLoad (7ms)
				ProcessInitializeOnLoadAttributes (113ms)
				ProcessInitializeOnLoadMethodAttributes (49ms)
				AfterProcessingInitializeOnLoad (0ms)
				EditorAssembliesLoaded (0ms)
			ExecutionOrderSort2 (0ms)
			AwakeInstancesAfterBackupRestoration (0ms)
Platform modules already initialized, skipping
Registering precompiled user dll's ...
Registered in 0.002572 seconds.
Begin MonoManager ReloadAssembly
Native extension for WindowsStandalone target not found
Refreshing native plugins compatible for Editor in 0.68 ms, found 2 plugins.
Preloading 0 native plugins for Editor in 0.00 ms.
Mono: successfully reloaded assembly
- Completed reload, in  1.479 seconds
Domain Reload Profiling:
	ReloadAssembly (1480ms)
		BeginReloadAssembly (202ms)
			ExecutionOrderSort (0ms)
			DisableScriptedObjects (7ms)
			BackupInstance (0ms)
			ReleaseScriptingObjects (0ms)
			CreateAndSetChildDomain (24ms)
		EndReloadAssembly (1200ms)
			LoadAssemblies (101ms)
			RebuildTransferFunctionScriptingTraits (0ms)
			SetupTypeCache (360ms)
			ReleaseScriptCaches (0ms)
			RebuildScriptCaches (61ms)
			SetupLoadedEditorAssemblies (555ms)
				LogAssemblyErrors (0ms)
				InitializePlatformSupportModulesInManaged (12ms)
				SetLoadedEditorAssemblies (1ms)
				RefreshPlugins (1ms)
				BeforeProcessingInitializeOnLoad (74ms)
				ProcessInitializeOnLoadAttributes (446ms)
				ProcessInitializeOnLoadMethodAttributes (8ms)
				AfterProcessingInitializeOnLoad (14ms)
				EditorAssembliesLoaded (1ms)
			ExecutionOrderSort2 (0ms)
			AwakeInstancesAfterBackupRestoration (15ms)
Platform modules already initialized, skipping
========================================================================
Worker process is ready to serve import requests
Launched and connected shader compiler UnityShaderCompiler.exe after 0.07 seconds
Refreshing native plugins compatible for Editor in 0.60 ms, found 2 plugins.
Preloading 0 native plugins for Editor in 0.00 ms.
Unloading 1399 Unused Serialized files (Serialized files now loaded: 0)
System memory in use before: 65.1 MB.
System memory in use after: 65.2 MB.

Unloading 19 unused Assets to reduce memory usage. Loaded Objects now: 1832.
Total: 5.099300 ms (FindLiveObjects: 0.252200 ms CreateObjectMapping: 0.049100 ms MarkObjects: 4.649200 ms  DeleteObjects: 0.146700 ms)

AssetImportParameters requested are different than current active one (requested -> active):
  custom:framework-win-MediaFoundation: 216162199b28c13a410421893ffa2e32 -> 
  custom:video-decoder-ogg-theora: a1e56fd34408186e4bbccfd4996cb3dc -> 
  custom:container-muxer-webm: aa71ff27fc2769a1b78a27578f13a17b -> 
  custom:container-demuxer-webm: 4f35f7cbe854078d1ac9338744f61a02 -> 
  custom:container-demuxer-ogg: 62fdf1f143b41e24485cea50d1cbac27 -> 
  custom:video-encoder-webm-vp8: eb34c28f22e8b96e1ab97ce403110664 -> 
  custom:video-decoder-webm-vp8: 9c59270c3fd7afecdb556c50c9e8de78 -> 
  custom:audio-decoder-ogg-vorbis: bf7c407c2cedff20999df2af8eb42d56 -> 
  custom:audio-encoder-webm-vorbis: bf7c407c2cedff20999df2af8eb42d56 -> 
========================================================================
Received Import Request.
  path: Assets/Materials/Mat_Stone.mat
  artifactKey: Guid(6461e819fb41a0645a106de93ebbb7f1) Importer(815301076,1909f56bfc062723c751e8b465ee728b)
Start importing Assets/Materials/Mat_Stone.mat using Guid(6461e819fb41a0645a106de93ebbb7f1) Importer(815301076,1909f56bfc062723c751e8b465ee728b)  -> (artifact id: 'e0288c426556a778fcadbcf043704038') in 0.154043 seconds 
  Import took 0.158263 seconds .

========================================================================
Received Import Request.
  Time since last request: 128.043094 seconds.
  path: Assets/Materials/Mat_Stone.mat
  artifactKey: Guid(6461e819fb41a0645a106de93ebbb7f1) Importer(815301076,1909f56bfc062723c751e8b465ee728b)
Start importing Assets/Materials/Mat_Stone.mat using Guid(6461e819fb41a0645a106de93ebbb7f1) Importer(815301076,1909f56bfc062723c751e8b465ee728b)  -> (artifact id: '7655f93de3932d55e8c3575b72a15f5b') in 0.023221 seconds 
  Import took 0.027692 seconds .

========================================================================
Received Import Request.
  Time since last request: 1.549976 seconds.
  path: Assets/Materials/Mat_Grou... 1.mat
  artifactKey: Guid(2580823415607c84488ee4de5ead3241) Importer(815301076,1909f56bfc062723c751e8b465ee728b)
Start importing Assets/Materials/Mat_Grou... 1.mat using Guid(2580823415607c84488ee4de5ead3241) Importer(815301076,1909f56bfc062723c751e8b465ee728b)  -> (artifact id: '783c8ee4886bb0ee92568bf4e7054a1f') in 0.019789 seconds 
  Import took 0.026381 seconds .

========================================================================
Received Import Request.
  Time since last request: 22.688897 seconds.
  path: Assets/Materials/Mat_Projectile.mat
  artifactKey: Guid(a67129c06f2866c4985fee493bc076a6) Importer(815301076,1909f56bfc062723c751e8b465ee728b)
Start importing Assets/Materials/Mat_Projectile.mat using Guid(a67129c06f2866c4985fee493bc076a6) Importer(815301076,1909f56bfc062723c751e8b465ee728b)  -> (artifact id: '65c751ce3ac010291f9634e1875e70fb') in 0.017767 seconds 
  Import took 0.022231 seconds .

========================================================================
Received Prepare
Registering precompiled user dll's ...
Registered in 0.003297 seconds.
Begin MonoManager ReloadAssembly
Native extension for WindowsStandalone target not found
Refreshing native plugins compatible for Editor in 0.67 ms, found 2 plugins.
Preloading 0 native plugins for Editor in 0.00 ms.
Mono: successfully reloaded assembly
- Completed reload, in  1.391 seconds
Domain Reload Profiling:
	ReloadAssembly (1392ms)
		BeginReloadAssembly (154ms)
			ExecutionOrderSort (0ms)
			DisableScriptedObjects (9ms)
			BackupInstance (0ms)
			ReleaseScriptingObjects (0ms)
			CreateAndSetChildDomain (58ms)
		EndReloadAssembly (1136ms)
			LoadAssemblies (111ms)
			RebuildTransferFunctionScriptingTraits (0ms)
			SetupTypeCache (358ms)
			ReleaseScriptCaches (1ms)
			RebuildScriptCaches (52ms)
			SetupLoadedEditorAssemblies (488ms)
				LogAssemblyErrors (0ms)
				InitializePlatformSupportModulesInManaged (10ms)
				SetLoadedEditorAssemblies (1ms)
				RefreshPlugins (1ms)
				BeforeProcessingInitializeOnLoad (53ms)
				ProcessInitializeOnLoadAttributes (414ms)
				ProcessInitializeOnLoadMethodAttributes (4ms)
				AfterProcessingInitializeOnLoad (5ms)
				EditorAssembliesLoaded (0ms)
			ExecutionOrderSort2 (0ms)
			AwakeInstancesAfterBackupRestoration (6ms)
Platform modules already initialized, skipping
Refreshing native plugins compatible for Editor in 0.76 ms, found 2 plugins.
Preloading 0 native plugins for Editor in 0.00 ms.
Unloading 1395 Unused Serialized files (Serialized files now loaded: 0)
System memory in use before: 68.4 MB.
System memory in use after: 68.5 MB.

Unloading 14 unused Assets to reduce memory usage. Loaded Objects now: 1876.
Total: 4.916100 ms (FindLiveObjects: 0.212600 ms CreateObjectMapping: 0.038000 ms MarkObjects: 4.532300 ms  DeleteObjects: 0.131000 ms)

AssetImportParameters requested are different than current active one (requested -> active):
  custom:framework-win-MediaFoundation: 216162199b28c13a410421893ffa2e32 -> 
  custom:video-decoder-ogg-theora: a1e56fd34408186e4bbccfd4996cb3dc -> 
  custom:container-muxer-webm: aa71ff27fc2769a1b78a27578f13a17b -> 
  custom:container-demuxer-webm: 4f35f7cbe854078d1ac9338744f61a02 -> 
  custom:container-demuxer-ogg: 62fdf1f143b41e24485cea50d1cbac27 -> 
  custom:video-encoder-webm-vp8: eb34c28f22e8b96e1ab97ce403110664 -> 
  custom:video-decoder-webm-vp8: 9c59270c3fd7afecdb556c50c9e8de78 -> 
  custom:audio-decoder-ogg-vorbis: bf7c407c2cedff20999df2af8eb42d56 -> 
  custom:audio-encoder-webm-vorbis: bf7c407c2cedff20999df2af8eb42d56 -> 
========================================================================
Received Import Request.
  Time since last request: 68.199368 seconds.
  path: Assets/RigibodySleep.cs
  artifactKey: Guid(5deccb672c78af045be2d1cd504e36b3) Importer(815301076,1909f56bfc062723c751e8b465ee728b)
Start importing Assets/RigibodySleep.cs using Guid(5deccb672c78af045be2d1cd504e36b3) Importer(815301076,1909f56bfc062723c751e8b465ee728b)  -> (artifact id: '920778cc78238c1a6877a99e8af26a80') in 0.083085 seconds 
  Import took 0.087906 seconds .

========================================================================
Received Import Request.
  Time since last request: 440.656769 seconds.
  path: Assets/Prefabs/Wall.prefab
  artifactKey: Guid(93c6083232b5c6a48b9e2115020919ef) Importer(815301076,1909f56bfc062723c751e8b465ee728b)
Start importing Assets/Prefabs/Wall.prefab using Guid(93c6083232b5c6a48b9e2115020919ef) Importer(815301076,1909f56bfc062723c751e8b465ee728b)  -> (artifact id: '3b0d43823e235d532cf25c68de7ad236') in 0.077093 seconds 
  Import took 0.097755 seconds .

========================================================================
Received Import Request.
  Time since last request: 1.653415 seconds.
  path: Assets/Prefabs/Slab.prefab
  artifactKey: Guid(2dd064cde1384d14cac65def865b9c4a) Importer(815301076,1909f56bfc062723c751e8b465ee728b)
Start importing Assets/Prefabs/Slab.prefab using Guid(2dd064cde1384d14cac65def865b9c4a) Importer(815301076,1909f56bfc062723c751e8b465ee728b)  -> (artifact id: '5a0a91c737c0e3fd890bdc2eed4e087b') in 0.021785 seconds 
  Import took 0.025596 seconds .

========================================================================
Received Prepare
Registering precompiled user dll's ...
Registered in 0.002154 seconds.
Begin MonoManager ReloadAssembly
Native extension for WindowsStandalone target not found
Refreshing native plugins compatible for Editor in 0.75 ms, found 2 plugins.
Preloading 0 native plugins for Editor in 0.00 ms.
Mono: successfully reloaded assembly
- Completed reload, in  1.421 seconds
Domain Reload Profiling:
	ReloadAssembly (1422ms)
		BeginReloadAssembly (137ms)
			ExecutionOrderSort (0ms)
			DisableScriptedObjects (7ms)
			BackupInstance (0ms)
			ReleaseScriptingObjects (0ms)
			CreateAndSetChildDomain (49ms)
		EndReloadAssembly (1204ms)
			LoadAssemblies (90ms)
			RebuildTransferFunctionScriptingTraits (0ms)
			SetupTypeCache (350ms)
			ReleaseScriptCaches (1ms)
			RebuildScriptCaches (52ms)
			SetupLoadedEditorAssemblies (591ms)
				LogAssemblyErrors (0ms)
				InitializePlatformSupportModulesInManaged (14ms)
				SetLoadedEditorAssemblies (1ms)
				RefreshPlugins (1ms)
				BeforeProcessingInitializeOnLoad (73ms)
				ProcessInitializeOnLoadAttributes (491ms)
				ProcessInitializeOnLoadMethodAttributes (6ms)
				AfterProcessingInitializeOnLoad (5ms)
				EditorAssembliesLoaded (0ms)
			ExecutionOrderSort2 (0ms)
			AwakeInstancesAfterBackupRestoration (8ms)
Platform modules already initialized, skipping
Refreshing native plugins compatible for Editor in 0.45 ms, found 2 plugins.
Preloading 0 native plugins for Editor in 0.00 ms.
Unloading 1395 Unused Serialized files (Serialized files now loaded: 0)
System memory in use before: 68.5 MB.
System memory in use after: 68.5 MB.

Unloading 14 unused Assets to reduce memory usage. Loaded Objects now: 1881.
Total: 3.011100 ms (FindLiveObjects: 0.229900 ms CreateObjectMapping: 0.055100 ms MarkObjects: 2.660900 ms  DeleteObjects: 0.063500 ms)

AssetImportParameters requested are different than current active one (requested -> active):
  custom:framework-win-MediaFoundation: 216162199b28c13a410421893ffa2e32 -> 
  custom:video-decoder-ogg-theora: a1e56fd34408186e4bbccfd4996cb3dc -> 
  custom:container-muxer-webm: aa71ff27fc2769a1b78a27578f13a17b -> 
  custom:container-demuxer-webm: 4f35f7cbe854078d1ac9338744f61a02 -> 
  custom:container-demuxer-ogg: 62fdf1f143b41e24485cea50d1cbac27 -> 
  custom:video-encoder-webm-vp8: eb34c28f22e8b96e1ab97ce403110664 -> 
  custom:video-decoder-webm-vp8: 9c59270c3fd7afecdb556c50c9e8de78 -> 
  custom:audio-decoder-ogg-vorbis: bf7c407c2cedff20999df2af8eb42d56 -> 
  custom:audio-encoder-webm-vorbis: bf7c407c2cedff20999df2af8eb42d56 -> 
========================================================================
Received Import Request.
  Time since last request: 102.091853 seconds.
  path: Assets/Prefabs/Wall.prefab
  artifactKey: Guid(93c6083232b5c6a48b9e2115020919ef) Importer(815301076,1909f56bfc062723c751e8b465ee728b)
Start importing Assets/Prefabs/Wall.prefab using Guid(93c6083232b5c6a48b9e2115020919ef) Importer(815301076,1909f56bfc062723c751e8b465ee728b)  -> (artifact id: 'b36233f403cf54aaacfadda7b32a4105') in 0.081560 seconds 
  Import took 0.086953 seconds .

========================================================================
Received Import Request.
  Time since last request: 0.000327 seconds.
  path: Assets/Prefabs/Slab.prefab
  artifactKey: Guid(2dd064cde1384d14cac65def865b9c4a) Importer(815301076,1909f56bfc062723c751e8b465ee728b)
Start importing Assets/Prefabs/Slab.prefab using Guid(2dd064cde1384d14cac65def865b9c4a) Importer(815301076,1909f56bfc062723c751e8b465ee728b)  -> (artifact id: '115805c55c3083b5bf5239f0dbe10f78') in 0.009536 seconds 
  Import took 0.014312 seconds .

========================================================================
Received Import Request.
  Time since last request: 337.059055 seconds.
  path: Assets/Materials/Mat_Projectile.mat
  artifactKey: Guid(a67129c06f2866c4985fee493bc076a6) Importer(815301076,1909f56bfc062723c751e8b465ee728b)
Start importing Assets/Materials/Mat_Projectile.mat using Guid(a67129c06f2866c4985fee493bc076a6) Importer(815301076,1909f56bfc062723c751e8b465ee728b)  -> (artifact id: '61ded80a4fd7ed9280dc12fdec0804b9') in 0.037331 seconds 
  Import took 0.041517 seconds .

========================================================================
Received Import Request.
  Time since last request: 73.931575 seconds.
  path: Assets/Prefabs/Wall.prefab
  artifactKey: Guid(93c6083232b5c6a48b9e2115020919ef) Importer(815301076,1909f56bfc062723c751e8b465ee728b)
Start importing Assets/Prefabs/Wall.prefab using Guid(93c6083232b5c6a48b9e2115020919ef) Importer(815301076,1909f56bfc062723c751e8b465ee728b)  -> (artifact id: '2bf72f34c0fae1c85add41c8e71338ef') in 0.017004 seconds 
  Import took 0.022670 seconds .

========================================================================
Received Import Request.
  Time since last request: 89.671479 seconds.
  path: Assets/RigibodySleep.cs
  artifactKey: Guid(5deccb672c78af045be2d1cd504e36b3) Importer(815301076,1909f56bfc062723c751e8b465ee728b)
Start importing Assets/RigibodySleep.cs using Guid(5deccb672c78af045be2d1cd504e36b3) Importer(815301076,1909f56bfc062723c751e8b465ee728b)  -> (artifact id: 'c34056b4574ae6b815b2dce880b11828') in 0.002425 seconds 
  Import took 0.006072 seconds .

========================================================================
Received Import Request.
  Time since last request: 0.004369 seconds.
  path: Assets/RigibodySleep.cs
  artifactKey: Guid(5deccb672c78af045be2d1cd504e36b3) Importer(815301076,1909f56bfc062723c751e8b465ee728b)
Start importing Assets/RigibodySleep.cs using Guid(5deccb672c78af045be2d1cd504e36b3) Importer(815301076,1909f56bfc062723c751e8b465ee728b)  -> (artifact id: 'c34056b4574ae6b815b2dce880b11828') in 0.003142 seconds 
  Import took 0.006992 seconds .

========================================================================
Received Prepare
Registering precompiled user dll's ...
Registered in 0.003752 seconds.
Begin MonoManager ReloadAssembly
Native extension for WindowsStandalone target not found
Refreshing native plugins compatible for Editor in 0.44 ms, found 2 plugins.
Preloading 0 native plugins for Editor in 0.00 ms.
Mono: successfully reloaded assembly
- Completed reload, in  1.461 seconds
Domain Reload Profiling:
	ReloadAssembly (1462ms)
		BeginReloadAssembly (149ms)
			ExecutionOrderSort (0ms)
			DisableScriptedObjects (7ms)
			BackupInstance (0ms)
			ReleaseScriptingObjects (0ms)
			CreateAndSetChildDomain (53ms)
		EndReloadAssembly (1231ms)
			LoadAssemblies (125ms)
			RebuildTransferFunctionScriptingTraits (0ms)
			SetupTypeCache (348ms)
			ReleaseScriptCaches (1ms)
			RebuildScriptCaches (53ms)
			SetupLoadedEditorAssemblies (576ms)
				LogAssemblyErrors (0ms)
				InitializePlatformSupportModulesInManaged (7ms)
				SetLoadedEditorAssemblies (1ms)
				RefreshPlugins (1ms)
				BeforeProcessingInitializeOnLoad (73ms)
				ProcessInitializeOnLoadAttributes (485ms)
				ProcessInitializeOnLoadMethodAttributes (4ms)
				AfterProcessingInitializeOnLoad (5ms)
				EditorAssembliesLoaded (0ms)
			ExecutionOrderSort2 (0ms)
			AwakeInstancesAfterBackupRestoration (7ms)
Platform modules already initialized, skipping
Refreshing native plugins compatible for Editor in 0.86 ms, found 2 plugins.
Preloading 0 native plugins for Editor in 0.00 ms.
Unloading 1395 Unused Serialized files (Serialized files now loaded: 0)
System memory in use before: 68.5 MB.
System memory in use after: 68.6 MB.

Unloading 14 unused Assets to reduce memory usage. Loaded Objects now: 1885.
Total: 3.614000 ms (FindLiveObjects: 0.296600 ms CreateObjectMapping: 0.061500 ms MarkObjects: 3.169700 ms  DeleteObjects: 0.083100 ms)

AssetImportParameters requested are different than current active one (requested -> active):
  custom:framework-win-MediaFoundation: 216162199b28c13a410421893ffa2e32 -> 
  custom:video-decoder-ogg-theora: a1e56fd34408186e4bbccfd4996cb3dc -> 
  custom:container-muxer-webm: aa71ff27fc2769a1b78a27578f13a17b -> 
  custom:container-demuxer-webm: 4f35f7cbe854078d1ac9338744f61a02 -> 
  custom:container-demuxer-ogg: 62fdf1f143b41e24485cea50d1cbac27 -> 
  custom:video-encoder-webm-vp8: eb34c28f22e8b96e1ab97ce403110664 -> 
  custom:video-decoder-webm-vp8: 9c59270c3fd7afecdb556c50c9e8de78 -> 
  custom:audio-decoder-ogg-vorbis: bf7c407c2cedff20999df2af8eb42d56 -> 
  custom:audio-encoder-webm-vorbis: bf7c407c2cedff20999df2af8eb42d56 -> 
========================================================================
Received Import Request.
  Time since last request: 64.244241 seconds.
  path: Assets/RigibodySleep.cs
  artifactKey: Guid(5deccb672c78af045be2d1cd504e36b3) Importer(815301076,1909f56bfc062723c751e8b465ee728b)
Start importing Assets/RigibodySleep.cs using Guid(5deccb672c78af045be2d1cd504e36b3) Importer(815301076,1909f56bfc062723c751e8b465ee728b)  -> (artifact id: 'b7c9f16aaadb9b32367c2dedfecd64af') in 0.008211 seconds 
  Import took 0.014167 seconds .

========================================================================
Received Import Request.
  Time since last request: 0.002455 seconds.
  path: Assets/RigibodySleep.cs
  artifactKey: Guid(5deccb672c78af045be2d1cd504e36b3) Importer(815301076,1909f56bfc062723c751e8b465ee728b)
Start importing Assets/RigibodySleep.cs using Guid(5deccb672c78af045be2d1cd504e36b3) Importer(815301076,1909f56bfc062723c751e8b465ee728b)  -> (artifact id: 'b7c9f16aaadb9b32367c2dedfecd64af') in 0.002945 seconds 
  Import took 0.008059 seconds .

========================================================================
Received Import Request.
  Time since last request: 13.675471 seconds.
  path: Assets/RigidbodySleep.cs
  artifactKey: Guid(5deccb672c78af045be2d1cd504e36b3) Importer(815301076,1909f56bfc062723c751e8b465ee728b)
Start importing Assets/RigidbodySleep.cs using Guid(5deccb672c78af045be2d1cd504e36b3) Importer(815301076,1909f56bfc062723c751e8b465ee728b)  -> (artifact id: 'f39c8f61870211aae5f3f94dc1f2cf50') in 0.008292 seconds 
  Import took 0.013088 seconds .

========================================================================
Received Prepare
Registering precompiled user dll's ...
Registered in 0.005015 seconds.
Begin MonoManager ReloadAssembly
Native extension for WindowsStandalone target not found
Refreshing native plugins compatible for Editor in 0.39 ms, found 2 plugins.
Preloading 0 native plugins for Editor in 0.00 ms.
Mono: successfully reloaded assembly
- Completed reload, in  1.255 seconds
Domain Reload Profiling:
	ReloadAssembly (1255ms)
		BeginReloadAssembly (131ms)
			ExecutionOrderSort (0ms)
			DisableScriptedObjects (6ms)
			BackupInstance (0ms)
			ReleaseScriptingObjects (0ms)
			CreateAndSetChildDomain (43ms)
		EndReloadAssembly (1055ms)
			LoadAssemblies (112ms)
			RebuildTransferFunctionScriptingTraits (0ms)
			SetupTypeCache (342ms)
			ReleaseScriptCaches (1ms)
			RebuildScriptCaches (48ms)
			SetupLoadedEditorAssemblies (430ms)
				LogAssemblyErrors (0ms)
				InitializePlatformSupportModulesInManaged (5ms)
				SetLoadedEditorAssemblies (0ms)
				RefreshPlugins (0ms)
				BeforeProcessingInitializeOnLoad (48ms)
				ProcessInitializeOnLoadAttributes (366ms)
				ProcessInitializeOnLoadMethodAttributes (4ms)
				AfterProcessingInitializeOnLoad (5ms)
				EditorAssembliesLoaded (0ms)
			ExecutionOrderSort2 (0ms)
			AwakeInstancesAfterBackupRestoration (6ms)
Platform modules already initialized, skipping
Refreshing native plugins compatible for Editor in 0.71 ms, found 2 plugins.
Preloading 0 native plugins for Editor in 0.00 ms.
Unloading 1395 Unused Serialized files (Serialized files now loaded: 0)
System memory in use before: 68.5 MB.
System memory in use after: 68.6 MB.

Unloading 14 unused Assets to reduce memory usage. Loaded Objects now: 1888.
Total: 2.759100 ms (FindLiveObjects: 0.212100 ms CreateObjectMapping: 0.046800 ms MarkObjects: 2.430600 ms  DeleteObjects: 0.068100 ms)

AssetImportParameters requested are different than current active one (requested -> active):
  custom:framework-win-MediaFoundation: 216162199b28c13a410421893ffa2e32 -> 
  custom:video-decoder-ogg-theora: a1e56fd34408186e4bbccfd4996cb3dc -> 
  custom:container-muxer-webm: aa71ff27fc2769a1b78a27578f13a17b -> 
  custom:container-demuxer-webm: 4f35f7cbe854078d1ac9338744f61a02 -> 
  custom:container-demuxer-ogg: 62fdf1f143b41e24485cea50d1cbac27 -> 
  custom:video-encoder-webm-vp8: eb34c28f22e8b96e1ab97ce403110664 -> 
  custom:video-decoder-webm-vp8: 9c59270c3fd7afecdb556c50c9e8de78 -> 
  custom:audio-decoder-ogg-vorbis: bf7c407c2cedff20999df2af8eb42d56 -> 
  custom:audio-encoder-webm-vorbis: bf7c407c2cedff20999df2af8eb42d56 -> 
========================================================================
Received Import Request.
  Time since last request: 15.676950 seconds.
  path: Assets/Prefabs/Slab.prefab
  artifactKey: Guid(2dd064cde1384d14cac65def865b9c4a) Importer(815301076,1909f56bfc062723c751e8b465ee728b)
Start importing Assets/Prefabs/Slab.prefab using Guid(2dd064cde1384d14cac65def865b9c4a) Importer(815301076,1909f56bfc062723c751e8b465ee728b)  -> (artifact id: '9e574d59fc246d83bed15fa022e02ef6') in 0.066940 seconds 
  Import took 0.071458 seconds .

========================================================================
Received Import Request.
  Time since last request: 5.864228 seconds.
  path: Assets/Prefabs/Wall.prefab
  artifactKey: Guid(93c6083232b5c6a48b9e2115020919ef) Importer(815301076,1909f56bfc062723c751e8b465ee728b)
Start importing Assets/Prefabs/Wall.prefab using Guid(93c6083232b5c6a48b9e2115020919ef) Importer(815301076,1909f56bfc062723c751e8b465ee728b)  -> (artifact id: 'd82e23514daab38ef95ec5140355c4a1') in 0.010723 seconds 
  Import took 0.015987 seconds .

========================================================================
Received Import Request.
  Time since last request: 279.172745 seconds.
  path: Assets/Prefabs/Projectile 1.prefab
  artifactKey: Guid(236e880b4a8f6b8449d7d9f6b5bc01b7) Importer(815301076,1909f56bfc062723c751e8b465ee728b)
Start importing Assets/Prefabs/Projectile 1.prefab using Guid(236e880b4a8f6b8449d7d9f6b5bc01b7) Importer(815301076,1909f56bfc062723c751e8b465ee728b)  -> (artifact id: '0cd85e6382081c23a3856586f724f0d6') in 0.028799 seconds 
  Import took 0.034210 seconds .

========================================================================
Received Prepare
Registering precompiled user dll's ...
Registered in 0.002060 seconds.
Begin MonoManager ReloadAssembly
Native extension for WindowsStandalone target not found
Refreshing native plugins compatible for Editor in 0.41 ms, found 2 plugins.
Preloading 0 native plugins for Editor in 0.00 ms.
Mono: successfully reloaded assembly
- Completed reload, in  1.400 seconds
Domain Reload Profiling:
	ReloadAssembly (1401ms)
		BeginReloadAssembly (157ms)
			ExecutionOrderSort (0ms)
			DisableScriptedObjects (12ms)
			BackupInstance (0ms)
			ReleaseScriptingObjects (0ms)
			CreateAndSetChildDomain (63ms)
		EndReloadAssembly (1183ms)
			LoadAssemblies (110ms)
			RebuildTransferFunctionScriptingTraits (0ms)
			SetupTypeCache (365ms)
			ReleaseScriptCaches (1ms)
			RebuildScriptCaches (62ms)
			SetupLoadedEditorAssemblies (481ms)
				LogAssemblyErrors (0ms)
				InitializePlatformSupportModulesInManaged (5ms)
				SetLoadedEditorAssemblies (0ms)
				RefreshPlugins (0ms)
				BeforeProcessingInitializeOnLoad (83ms)
				ProcessInitializeOnLoadAttributes (382ms)
				ProcessInitializeOnLoadMethodAttributes (4ms)
				AfterProcessingInitializeOnLoad (6ms)
				EditorAssembliesLoaded (1ms)
			ExecutionOrderSort2 (0ms)
			AwakeInstancesAfterBackupRestoration (14ms)
Platform modules already initialized, skipping
Refreshing native plugins compatible for Editor in 0.73 ms, found 2 plugins.
Preloading 0 native plugins for Editor in 0.00 ms.
Unloading 1395 Unused Serialized files (Serialized files now loaded: 0)
System memory in use before: 68.6 MB.
System memory in use after: 68.7 MB.

Unloading 14 unused Assets to reduce memory usage. Loaded Objects now: 1893.
Total: 5.575900 ms (FindLiveObjects: 0.401300 ms CreateObjectMapping: 0.137400 ms MarkObjects: 4.921000 ms  DeleteObjects: 0.113000 ms)

AssetImportParameters requested are different than current active one (requested -> active):
  custom:framework-win-MediaFoundation: 216162199b28c13a410421893ffa2e32 -> 
  custom:video-decoder-ogg-theora: a1e56fd34408186e4bbccfd4996cb3dc -> 
  custom:container-muxer-webm: aa71ff27fc2769a1b78a27578f13a17b -> 
  custom:container-demuxer-webm: 4f35f7cbe854078d1ac9338744f61a02 -> 
  custom:container-demuxer-ogg: 62fdf1f143b41e24485cea50d1cbac27 -> 
  custom:video-encoder-webm-vp8: eb34c28f22e8b96e1ab97ce403110664 -> 
  custom:video-decoder-webm-vp8: 9c59270c3fd7afecdb556c50c9e8de78 -> 
  custom:audio-decoder-ogg-vorbis: bf7c407c2cedff20999df2af8eb42d56 -> 
  custom:audio-encoder-webm-vorbis: bf7c407c2cedff20999df2af8eb42d56 -> 
========================================================================
Received Import Request.
  Time since last request: 636.659135 seconds.
  path: Assets/Prefabs/Castle.prefab
  artifactKey: Guid(352eabd5caed6c841ba0967fefd959cc) Importer(815301076,1909f56bfc062723c751e8b465ee728b)
Start importing Assets/Prefabs/Castle.prefab using Guid(352eabd5caed6c841ba0967fefd959cc) Importer(815301076,1909f56bfc062723c751e8b465ee728b)  -> (artifact id: 'c9ec8fb0089dc0a0db7df3e7c7cc4f8c') in 0.102161 seconds 
  Import took 0.106224 seconds .

========================================================================
Received Import Request.
  Time since last request: 13.875171 seconds.
  path: Assets/Prefabs/Projectile.prefab
  artifactKey: Guid(711e4a5930115f4469378c84dda44c83) Importer(815301076,1909f56bfc062723c751e8b465ee728b)
Start importing Assets/Prefabs/Projectile.prefab using Guid(711e4a5930115f4469378c84dda44c83) Importer(815301076,1909f56bfc062723c751e8b465ee728b)  -> (artifact id: '2179c004ac45283fe4327ae869aab38e') in 0.022735 seconds 
  Import took 0.028130 seconds .

========================================================================
Received Import Request.
  Time since last request: 46.291942 seconds.
  path: Assets/Prefabs/Castle.prefab
  artifactKey: Guid(352eabd5caed6c841ba0967fefd959cc) Importer(815301076,1909f56bfc062723c751e8b465ee728b)
Start importing Assets/Prefabs/Castle.prefab using Guid(352eabd5caed6c841ba0967fefd959cc) Importer(815301076,1909f56bfc062723c751e8b465ee728b)  -> (artifact id: '51fa1ad14ba5bdbe9bd9cd03f4bc0ebc') in 0.020196 seconds 
  Import took 0.024484 seconds .

========================================================================
Received Import Request.
  Time since last request: 0.000320 seconds.
  path: Assets/Prefabs/Slab.prefab
  artifactKey: Guid(2dd064cde1384d14cac65def865b9c4a) Importer(815301076,1909f56bfc062723c751e8b465ee728b)
Start importing Assets/Prefabs/Slab.prefab using Guid(2dd064cde1384d14cac65def865b9c4a) Importer(815301076,1909f56bfc062723c751e8b465ee728b)  -> (artifact id: '947f66a55dc3bad3edcbb105c1fe6e18') in 0.017741 seconds 
  Import took 0.021691 seconds .

========================================================================
Received Import Request.
  Time since last request: 3.441033 seconds.
  path: Assets/Prefabs/Castle.prefab
  artifactKey: Guid(352eabd5caed6c841ba0967fefd959cc) Importer(815301076,1909f56bfc062723c751e8b465ee728b)
Start importing Assets/Prefabs/Castle.prefab using Guid(352eabd5caed6c841ba0967fefd959cc) Importer(815301076,1909f56bfc062723c751e8b465ee728b)  -> (artifact id: '0c86386e6f5e0259b2d736de82a1b217') in 0.020788 seconds 
  Import took 0.024510 seconds .

========================================================================
Received Import Request.
  Time since last request: 0.000416 seconds.
  path: Assets/Prefabs/Slab.prefab
  artifactKey: Guid(2dd064cde1384d14cac65def865b9c4a) Importer(815301076,1909f56bfc062723c751e8b465ee728b)
Start importing Assets/Prefabs/Slab.prefab using Guid(2dd064cde1384d14cac65def865b9c4a) Importer(815301076,1909f56bfc062723c751e8b465ee728b)  -> (artifact id: 'af25e6df2f3b91ada3a1327f29a35ade') in 0.017803 seconds 
  Import took 0.022372 seconds .

========================================================================
Received Import Request.
  Time since last request: 18.562583 seconds.
  path: Assets/Materials/Mat_Shot.mat
  artifactKey: Guid(2580823415607c84488ee4de5ead3241) Importer(815301076,1909f56bfc062723c751e8b465ee728b)
Start importing Assets/Materials/Mat_Shot.mat using Guid(2580823415607c84488ee4de5ead3241) Importer(815301076,1909f56bfc062723c751e8b465ee728b)  -> (artifact id: '399e04d616481b3dd017839742c3dd67') in 0.042752 seconds 
  Import took 0.046495 seconds .

========================================================================
Received Import Request.
  Time since last request: 196.107787 seconds.
  path: Assets/Prefabs/Castle.prefab
  artifactKey: Guid(352eabd5caed6c841ba0967fefd959cc) Importer(815301076,1909f56bfc062723c751e8b465ee728b)
Start importing Assets/Prefabs/Castle.prefab using Guid(352eabd5caed6c841ba0967fefd959cc) Importer(815301076,1909f56bfc062723c751e8b465ee728b)  -> (artifact id: '5b302879d716ea13abcd934cbb9e8bf2') in 0.024520 seconds 
  Import took 0.029241 seconds .

========================================================================
Received Import Request.
  Time since last request: 25.485432 seconds.
  path: Assets/Prefabs/Goal.prefab
  artifactKey: Guid(799a760f90e70e0439935d9e0a252a5c) Importer(815301076,1909f56bfc062723c751e8b465ee728b)
Start importing Assets/Prefabs/Goal.prefab using Guid(799a760f90e70e0439935d9e0a252a5c) Importer(815301076,1909f56bfc062723c751e8b465ee728b)  -> (artifact id: '30f236d5b335fb84475c4e9df54d2fe4') in 0.022476 seconds 
  Import took 0.025818 seconds .

========================================================================
Received Import Request.
  Time since last request: 0.156360 seconds.
  path: Assets/Prefabs/Castle.prefab
  artifactKey: Guid(352eabd5caed6c841ba0967fefd959cc) Importer(815301076,1909f56bfc062723c751e8b465ee728b)
Start importing Assets/Prefabs/Castle.prefab using Guid(352eabd5caed6c841ba0967fefd959cc) Importer(815301076,1909f56bfc062723c751e8b465ee728b)  -> (artifact id: '626ca531419d8ba044539f6128a2a6cb') in 0.014145 seconds 
  Import took 0.018570 seconds .

========================================================================
Received Import Request.
  Time since last request: 33.336234 seconds.
  path: Assets/Prefabs/Goal.prefab
  artifactKey: Guid(799a760f90e70e0439935d9e0a252a5c) Importer(815301076,1909f56bfc062723c751e8b465ee728b)
Start importing Assets/Prefabs/Goal.prefab using Guid(799a760f90e70e0439935d9e0a252a5c) Importer(815301076,1909f56bfc062723c751e8b465ee728b)  -> (artifact id: 'c0cdf479800fafdf54d93775fc74a252') in 0.027710 seconds 
  Import took 0.032668 seconds .

========================================================================
Received Import Request.
  Time since last request: 0.000286 seconds.
  path: Assets/Prefabs/Castle.prefab
  artifactKey: Guid(352eabd5caed6c841ba0967fefd959cc) Importer(815301076,1909f56bfc062723c751e8b465ee728b)
Start importing Assets/Prefabs/Castle.prefab using Guid(352eabd5caed6c841ba0967fefd959cc) Importer(815301076,1909f56bfc062723c751e8b465ee728b)  -> (artifact id: '9fdfc30a910fc02948041c38344c8776') in 0.031734 seconds 
  Import took 0.037377 seconds .

========================================================================
Received Import Request.
  Time since last request: 1.355264 seconds.
  path: Assets/Prefabs/Castle.prefab
  artifactKey: Guid(352eabd5caed6c841ba0967fefd959cc) Importer(815301076,1909f56bfc062723c751e8b465ee728b)
Start importing Assets/Prefabs/Castle.prefab using Guid(352eabd5caed6c841ba0967fefd959cc) Importer(815301076,1909f56bfc062723c751e8b465ee728b)  -> (artifact id: 'e4becbcb75b60d621d0e87d38da9975c') in 0.024974 seconds 
  Import took 0.029429 seconds .

========================================================================
Received Import Request.
  Time since last request: 0.000270 seconds.
  path: Assets/Prefabs/Goal.prefab
  artifactKey: Guid(799a760f90e70e0439935d9e0a252a5c) Importer(815301076,1909f56bfc062723c751e8b465ee728b)
Start importing Assets/Prefabs/Goal.prefab using Guid(799a760f90e70e0439935d9e0a252a5c) Importer(815301076,1909f56bfc062723c751e8b465ee728b)  -> (artifact id: '24d7e59a018a6b80f731064110a55c24') in 0.027205 seconds 
  Import took 0.030256 seconds .

========================================================================
Received Import Request.
  Time since last request: 24.584213 seconds.
  path: Assets/Prefabs/Castle.prefab
  artifactKey: Guid(352eabd5caed6c841ba0967fefd959cc) Importer(815301076,1909f56bfc062723c751e8b465ee728b)
Start importing Assets/Prefabs/Castle.prefab using Guid(352eabd5caed6c841ba0967fefd959cc) Importer(815301076,1909f56bfc062723c751e8b465ee728b)  -> (artifact id: 'e2755232f6415fd4ab6af4dc51bab24b') in 0.023199 seconds 
  Import took 0.027151 seconds .

========================================================================
Received Import Request.
  Time since last request: 0.000255 seconds.
  path: Assets/Prefabs/Goal.prefab
  artifactKey: Guid(799a760f90e70e0439935d9e0a252a5c) Importer(815301076,1909f56bfc062723c751e8b465ee728b)
Start importing Assets/Prefabs/Goal.prefab using Guid(799a760f90e70e0439935d9e0a252a5c) Importer(815301076,1909f56bfc062723c751e8b465ee728b)  -> (artifact id: '6e6b84ab1ba8d5dd928de42deb8970a1') in 0.022624 seconds 
  Import took 0.026452 seconds .

========================================================================
Received Import Request.
  Time since last request: 4.122350 seconds.
  path: Assets/Prefabs/Castle.prefab
  artifactKey: Guid(352eabd5caed6c841ba0967fefd959cc) Importer(815301076,1909f56bfc062723c751e8b465ee728b)
Start importing Assets/Prefabs/Castle.prefab using Guid(352eabd5caed6c841ba0967fefd959cc) Importer(815301076,1909f56bfc062723c751e8b465ee728b)  -> (artifact id: 'ed7289c4e283e22988f744a0553de6ea') in 0.015626 seconds 
  Import took 0.018925 seconds .

========================================================================
Received Import Request.
  Time since last request: 0.000339 seconds.
  path: Assets/Prefabs/Goal.prefab
  artifactKey: Guid(799a760f90e70e0439935d9e0a252a5c) Importer(815301076,1909f56bfc062723c751e8b465ee728b)
Start importing Assets/Prefabs/Goal.prefab using Guid(799a760f90e70e0439935d9e0a252a5c) Importer(815301076,1909f56bfc062723c751e8b465ee728b)  -> (artifact id: '9ebd94c6b3ba3443e97c8c06fd4cf478') in 0.017160 seconds 
  Import took 0.020553 seconds .

========================================================================
Received Import Request.
  Time since last request: 106.213254 seconds.
  path: Assets/Materials/Mat_Goal.mat
  artifactKey: Guid(752616b6aaeb24e498dd5408bddbbd40) Importer(815301076,1909f56bfc062723c751e8b465ee728b)
Start importing Assets/Materials/Mat_Goal.mat using Guid(752616b6aaeb24e498dd5408bddbbd40) Importer(815301076,1909f56bfc062723c751e8b465ee728b)  -> (artifact id: '01c5f7dfd2e53152c944eddebbfba359') in 0.022764 seconds 
  Import took 0.028331 seconds .

========================================================================
Received Import Request.
  Time since last request: 133.897891 seconds.
  path: Assets/Materials/Mat_Goal.mat
  artifactKey: Guid(752616b6aaeb24e498dd5408bddbbd40) Importer(815301076,1909f56bfc062723c751e8b465ee728b)
Start importing Assets/Materials/Mat_Goal.mat using Guid(752616b6aaeb24e498dd5408bddbbd40) Importer(815301076,1909f56bfc062723c751e8b465ee728b)  -> (artifact id: '6ce93db57d18f249e2001b379390d0f4') in 0.046649 seconds 
  Import took 0.050000 seconds .

========================================================================
Received Import Request.
  Time since last request: 0.000240 seconds.
  path: Assets/Materials/Mat_Shot.mat
  artifactKey: Guid(2580823415607c84488ee4de5ead3241) Importer(815301076,1909f56bfc062723c751e8b465ee728b)
Start importing Assets/Materials/Mat_Shot.mat using Guid(2580823415607c84488ee4de5ead3241) Importer(815301076,1909f56bfc062723c751e8b465ee728b)  -> (artifact id: '0c7eb72760bd4bcef7c0b3d21882dc89') in 0.023869 seconds 
  Import took 0.027279 seconds .

========================================================================
Received Import Request.
  Time since last request: 138.643016 seconds.
  path: Assets/Prefabs/Castle.prefab
  artifactKey: Guid(352eabd5caed6c841ba0967fefd959cc) Importer(815301076,1909f56bfc062723c751e8b465ee728b)
Start importing Assets/Prefabs/Castle.prefab using Guid(352eabd5caed6c841ba0967fefd959cc) Importer(815301076,1909f56bfc062723c751e8b465ee728b)  -> (artifact id: 'f43f559877cb3b3a7a098e8861fc5c3e') in 0.020779 seconds 
  Import took 0.025771 seconds .

========================================================================
Received Import Request.
  Time since last request: 0.000392 seconds.
  path: Assets/Prefabs/Goal.prefab
  artifactKey: Guid(799a760f90e70e0439935d9e0a252a5c) Importer(815301076,1909f56bfc062723c751e8b465ee728b)
Start importing Assets/Prefabs/Goal.prefab using Guid(799a760f90e70e0439935d9e0a252a5c) Importer(815301076,1909f56bfc062723c751e8b465ee728b)  -> (artifact id: '9e2c367a2339c248e35336bcaeac8b65') in 0.022214 seconds 
  Import took 0.025575 seconds .

========================================================================
Received Prepare
Registering precompiled user dll's ...
Registered in 0.002266 seconds.
Begin MonoManager ReloadAssembly
Native extension for WindowsStandalone target not found
Refreshing native plugins compatible for Editor in 0.38 ms, found 2 plugins.
Preloading 0 native plugins for Editor in 0.00 ms.
Mono: successfully reloaded assembly
- Completed reload, in  1.371 seconds
Domain Reload Profiling:
	ReloadAssembly (1372ms)
		BeginReloadAssembly (127ms)
			ExecutionOrderSort (0ms)
			DisableScriptedObjects (5ms)
			BackupInstance (0ms)
			ReleaseScriptingObjects (0ms)
			CreateAndSetChildDomain (44ms)
		EndReloadAssembly (1168ms)
			LoadAssemblies (109ms)
			RebuildTransferFunctionScriptingTraits (0ms)
			SetupTypeCache (366ms)
			ReleaseScriptCaches (1ms)
			RebuildScriptCaches (63ms)
			SetupLoadedEditorAssemblies (502ms)
				LogAssemblyErrors (0ms)
				InitializePlatformSupportModulesInManaged (11ms)
				SetLoadedEditorAssemblies (0ms)
				RefreshPlugins (0ms)
				BeforeProcessingInitializeOnLoad (56ms)
				ProcessInitializeOnLoadAttributes (425ms)
				ProcessInitializeOnLoadMethodAttributes (4ms)
				AfterProcessingInitializeOnLoad (5ms)
				EditorAssembliesLoaded (0ms)
			ExecutionOrderSort2 (0ms)
			AwakeInstancesAfterBackupRestoration (7ms)
Platform modules already initialized, skipping
Refreshing native plugins compatible for Editor in 0.37 ms, found 2 plugins.
Preloading 0 native plugins for Editor in 0.00 ms.
Unloading 1396 Unused Serialized files (Serialized files now loaded: 0)
System memory in use before: 68.7 MB.
System memory in use after: 68.8 MB.

Unloading 15 unused Assets to reduce memory usage. Loaded Objects now: 1898.
Total: 4.105200 ms (FindLiveObjects: 0.211400 ms CreateObjectMapping: 0.046400 ms MarkObjects: 3.752800 ms  DeleteObjects: 0.092900 ms)

AssetImportParameters requested are different than current active one (requested -> active):
  custom:framework-win-MediaFoundation: 216162199b28c13a410421893ffa2e32 -> 
  custom:video-decoder-ogg-theora: a1e56fd34408186e4bbccfd4996cb3dc -> 
  custom:container-muxer-webm: aa71ff27fc2769a1b78a27578f13a17b -> 
  custom:container-demuxer-webm: 4f35f7cbe854078d1ac9338744f61a02 -> 
  custom:container-demuxer-ogg: 62fdf1f143b41e24485cea50d1cbac27 -> 
  custom:video-encoder-webm-vp8: eb34c28f22e8b96e1ab97ce403110664 -> 
  custom:video-decoder-webm-vp8: 9c59270c3fd7afecdb556c50c9e8de78 -> 
  custom:audio-decoder-ogg-vorbis: bf7c407c2cedff20999df2af8eb42d56 -> 
  custom:audio-encoder-webm-vorbis: bf7c407c2cedff20999df2af8eb42d56 -> 
========================================================================
Received Prepare
Registering precompiled user dll's ...
Registered in 0.002867 seconds.
Begin MonoManager ReloadAssembly
Native extension for WindowsStandalone target not found
Refreshing native plugins compatible for Editor in 0.71 ms, found 2 plugins.
Preloading 0 native plugins for Editor in 0.00 ms.
Mono: successfully reloaded assembly
- Completed reload, in  1.325 seconds
Domain Reload Profiling:
	ReloadAssembly (1326ms)
		BeginReloadAssembly (114ms)
			ExecutionOrderSort (0ms)
			DisableScriptedObjects (5ms)
			BackupInstance (0ms)
			ReleaseScriptingObjects (0ms)
			CreateAndSetChildDomain (38ms)
		EndReloadAssembly (1138ms)
			LoadAssemblies (108ms)
			RebuildTransferFunctionScriptingTraits (0ms)
			SetupTypeCache (367ms)
			ReleaseScriptCaches (1ms)
			RebuildScriptCaches (38ms)
			SetupLoadedEditorAssemblies (511ms)
				LogAssemblyErrors (0ms)
				InitializePlatformSupportModulesInManaged (5ms)
				SetLoadedEditorAssemblies (3ms)
				RefreshPlugins (1ms)
				BeforeProcessingInitializeOnLoad (79ms)
				ProcessInitializeOnLoadAttributes (409ms)
				ProcessInitializeOnLoadMethodAttributes (7ms)
				AfterProcessingInitializeOnLoad (7ms)
				EditorAssembliesLoaded (0ms)
			ExecutionOrderSort2 (0ms)
			AwakeInstancesAfterBackupRestoration (7ms)
Platform modules already initialized, skipping
Refreshing native plugins compatible for Editor in 0.71 ms, found 2 plugins.
Preloading 0 native plugins for Editor in 0.00 ms.
Unloading 1396 Unused Serialized files (Serialized files now loaded: 0)
System memory in use before: 68.7 MB.
System memory in use after: 68.8 MB.

Unloading 14 unused Assets to reduce memory usage. Loaded Objects now: 1901.
Total: 5.524500 ms (FindLiveObjects: 0.377200 ms CreateObjectMapping: 0.103800 ms MarkObjects: 4.929300 ms  DeleteObjects: 0.111400 ms)

AssetImportParameters requested are different than current active one (requested -> active):
  custom:framework-win-MediaFoundation: 216162199b28c13a410421893ffa2e32 -> 
  custom:video-decoder-ogg-theora: a1e56fd34408186e4bbccfd4996cb3dc -> 
  custom:container-muxer-webm: aa71ff27fc2769a1b78a27578f13a17b -> 
  custom:container-demuxer-webm: 4f35f7cbe854078d1ac9338744f61a02 -> 
  custom:container-demuxer-ogg: 62fdf1f143b41e24485cea50d1cbac27 -> 
  custom:video-encoder-webm-vp8: eb34c28f22e8b96e1ab97ce403110664 -> 
  custom:video-decoder-webm-vp8: 9c59270c3fd7afecdb556c50c9e8de78 -> 
  custom:audio-decoder-ogg-vorbis: bf7c407c2cedff20999df2af8eb42d56 -> 
  custom:audio-encoder-webm-vorbis: bf7c407c2cedff20999df2af8eb42d56 -> 
========================================================================
Received Import Request.
  Time since last request: 46.351375 seconds.
  path: Assets/Projectile.cs
  artifactKey: Guid(abeb3464ddd4ed943894404d7cc330ca) Importer(815301076,1909f56bfc062723c751e8b465ee728b)
Start importing Assets/Projectile.cs using Guid(abeb3464ddd4ed943894404d7cc330ca) Importer(815301076,1909f56bfc062723c751e8b465ee728b)  -> (artifact id: 'ce127837fefb11d7eb5d37db82060417') in 0.009087 seconds 
  Import took 0.022501 seconds .

========================================================================
Received Prepare
Registering precompiled user dll's ...
Registered in 0.002594 seconds.
Begin MonoManager ReloadAssembly
Native extension for WindowsStandalone target not found
Refreshing native plugins compatible for Editor in 0.39 ms, found 2 plugins.
Preloading 0 native plugins for Editor in 0.00 ms.
Mono: successfully reloaded assembly
- Completed reload, in  1.384 seconds
Domain Reload Profiling:
	ReloadAssembly (1384ms)
		BeginReloadAssembly (119ms)
			ExecutionOrderSort (0ms)
			DisableScriptedObjects (6ms)
			BackupInstance (0ms)
			ReleaseScriptingObjects (0ms)
			CreateAndSetChildDomain (41ms)
		EndReloadAssembly (1192ms)
			LoadAssemblies (108ms)
			RebuildTransferFunctionScriptingTraits (0ms)
			SetupTypeCache (325ms)
			ReleaseScriptCaches (1ms)
			RebuildScriptCaches (59ms)
			SetupLoadedEditorAssemblies (561ms)
				LogAssemblyErrors (0ms)
				InitializePlatformSupportModulesInManaged (5ms)
				SetLoadedEditorAssemblies (0ms)
				RefreshPlugins (0ms)
				BeforeProcessingInitializeOnLoad (95ms)
				ProcessInitializeOnLoadAttributes (444ms)
				ProcessInitializeOnLoadMethodAttributes (8ms)
				AfterProcessingInitializeOnLoad (8ms)
				EditorAssembliesLoaded (0ms)
			ExecutionOrderSort2 (0ms)
			AwakeInstancesAfterBackupRestoration (7ms)
Platform modules already initialized, skipping
Refreshing native plugins compatible for Editor in 0.82 ms, found 2 plugins.
Preloading 0 native plugins for Editor in 0.00 ms.
Unloading 1396 Unused Serialized files (Serialized files now loaded: 0)
System memory in use before: 68.7 MB.
System memory in use after: 68.8 MB.

Unloading 14 unused Assets to reduce memory usage. Loaded Objects now: 1904.
Total: 5.479800 ms (FindLiveObjects: 0.354000 ms CreateObjectMapping: 0.130800 ms MarkObjects: 4.848600 ms  DeleteObjects: 0.143900 ms)

AssetImportParameters requested are different than current active one (requested -> active):
  custom:framework-win-MediaFoundation: 216162199b28c13a410421893ffa2e32 -> 
  custom:video-decoder-ogg-theora: a1e56fd34408186e4bbccfd4996cb3dc -> 
  custom:container-muxer-webm: aa71ff27fc2769a1b78a27578f13a17b -> 
  custom:container-demuxer-webm: 4f35f7cbe854078d1ac9338744f61a02 -> 
  custom:container-demuxer-ogg: 62fdf1f143b41e24485cea50d1cbac27 -> 
  custom:video-encoder-webm-vp8: eb34c28f22e8b96e1ab97ce403110664 -> 
  custom:video-decoder-webm-vp8: 9c59270c3fd7afecdb556c50c9e8de78 -> 
  custom:audio-decoder-ogg-vorbis: bf7c407c2cedff20999df2af8eb42d56 -> 
  custom:audio-encoder-webm-vorbis: bf7c407c2cedff20999df2af8eb42d56 -> 
========================================================================
Received Prepare
Registering precompiled user dll's ...
Registered in 0.003241 seconds.
Begin MonoManager ReloadAssembly
Native extension for WindowsStandalone target not found
Refreshing native plugins compatible for Editor in 0.46 ms, found 2 plugins.
Preloading 0 native plugins for Editor in 0.00 ms.
Mono: successfully reloaded assembly
- Completed reload, in  1.453 seconds
Domain Reload Profiling:
	ReloadAssembly (1453ms)
		BeginReloadAssembly (144ms)
			ExecutionOrderSort (0ms)
			DisableScriptedObjects (4ms)
			BackupInstance (0ms)
			ReleaseScriptingObjects (0ms)
			CreateAndSetChildDomain (54ms)
		EndReloadAssembly (1212ms)
			LoadAssemblies (117ms)
			RebuildTransferFunctionScriptingTraits (0ms)
			SetupTypeCache (371ms)
			ReleaseScriptCaches (1ms)
			RebuildScriptCaches (48ms)
			SetupLoadedEditorAssemblies (501ms)
				LogAssemblyErrors (0ms)
				InitializePlatformSupportModulesInManaged (5ms)
				SetLoadedEditorAssemblies (0ms)
				RefreshPlugins (1ms)
				BeforeProcessingInitializeOnLoad (44ms)
				ProcessInitializeOnLoadAttributes (432ms)
				ProcessInitializeOnLoadMethodAttributes (5ms)
				AfterProcessingInitializeOnLoad (14ms)
				EditorAssembliesLoaded (1ms)
			ExecutionOrderSort2 (0ms)
			AwakeInstancesAfterBackupRestoration (10ms)
Platform modules already initialized, skipping
Refreshing native plugins compatible for Editor in 0.77 ms, found 2 plugins.
Preloading 0 native plugins for Editor in 0.00 ms.
Unloading 1396 Unused Serialized files (Serialized files now loaded: 0)
System memory in use before: 68.7 MB.
System memory in use after: 68.8 MB.

Unloading 14 unused Assets to reduce memory usage. Loaded Objects now: 1907.
Total: 5.425500 ms (FindLiveObjects: 0.356500 ms CreateObjectMapping: 0.135500 ms MarkObjects: 4.817700 ms  DeleteObjects: 0.113200 ms)

AssetImportParameters requested are different than current active one (requested -> active):
  custom:framework-win-MediaFoundation: 216162199b28c13a410421893ffa2e32 -> 
  custom:video-decoder-ogg-theora: a1e56fd34408186e4bbccfd4996cb3dc -> 
  custom:container-muxer-webm: aa71ff27fc2769a1b78a27578f13a17b -> 
  custom:container-demuxer-webm: 4f35f7cbe854078d1ac9338744f61a02 -> 
  custom:container-demuxer-ogg: 62fdf1f143b41e24485cea50d1cbac27 -> 
  custom:video-encoder-webm-vp8: eb34c28f22e8b96e1ab97ce403110664 -> 
  custom:video-decoder-webm-vp8: 9c59270c3fd7afecdb556c50c9e8de78 -> 
  custom:audio-decoder-ogg-vorbis: bf7c407c2cedff20999df2af8eb42d56 -> 
  custom:audio-encoder-webm-vorbis: bf7c407c2cedff20999df2af8eb42d56 -> 
========================================================================
Received Prepare
Registering precompiled user dll's ...
Registered in 0.002810 seconds.
Begin MonoManager ReloadAssembly
Native extension for WindowsStandalone target not found
Refreshing native plugins compatible for Editor in 0.56 ms, found 2 plugins.
Preloading 0 native plugins for Editor in 0.00 ms.
Mono: successfully reloaded assembly
- Completed reload, in  1.431 seconds
Domain Reload Profiling:
	ReloadAssembly (1432ms)
		BeginReloadAssembly (114ms)
			ExecutionOrderSort (0ms)
			DisableScriptedObjects (5ms)
			BackupInstance (0ms)
			ReleaseScriptingObjects (0ms)
			CreateAndSetChildDomain (36ms)
		EndReloadAssembly (1245ms)
			LoadAssemblies (106ms)
			RebuildTransferFunctionScriptingTraits (0ms)
			SetupTypeCache (375ms)
			ReleaseScriptCaches (1ms)
			RebuildScriptCaches (57ms)
			SetupLoadedEditorAssemblies (553ms)
				LogAssemblyErrors (0ms)
				InitializePlatformSupportModulesInManaged (11ms)
				SetLoadedEditorAssemblies (1ms)
				RefreshPlugins (1ms)
				BeforeProcessingInitializeOnLoad (69ms)
				ProcessInitializeOnLoadAttributes (464ms)
				ProcessInitializeOnLoadMethodAttributes (4ms)
				AfterProcessingInitializeOnLoad (5ms)
				EditorAssembliesLoaded (0ms)
			ExecutionOrderSort2 (0ms)
			AwakeInstancesAfterBackupRestoration (6ms)
Platform modules already initialized, skipping
Refreshing native plugins compatible for Editor in 0.72 ms, found 2 plugins.
Preloading 0 native plugins for Editor in 0.00 ms.
Unloading 1397 Unused Serialized files (Serialized files now loaded: 0)
System memory in use before: 68.7 MB.
System memory in use after: 68.8 MB.

Unloading 14 unused Assets to reduce memory usage. Loaded Objects now: 1911.
Total: 4.565500 ms (FindLiveObjects: 0.361100 ms CreateObjectMapping: 0.104700 ms MarkObjects: 4.034400 ms  DeleteObjects: 0.062700 ms)

AssetImportParameters requested are different than current active one (requested -> active):
  custom:framework-win-MediaFoundation: 216162199b28c13a410421893ffa2e32 -> 
  custom:video-decoder-ogg-theora: a1e56fd34408186e4bbccfd4996cb3dc -> 
  custom:container-muxer-webm: aa71ff27fc2769a1b78a27578f13a17b -> 
  custom:container-demuxer-webm: 4f35f7cbe854078d1ac9338744f61a02 -> 
  custom:container-demuxer-ogg: 62fdf1f143b41e24485cea50d1cbac27 -> 
  custom:video-encoder-webm-vp8: eb34c28f22e8b96e1ab97ce403110664 -> 
  custom:video-decoder-webm-vp8: 9c59270c3fd7afecdb556c50c9e8de78 -> 
  custom:audio-decoder-ogg-vorbis: bf7c407c2cedff20999df2af8eb42d56 -> 
  custom:audio-encoder-webm-vorbis: bf7c407c2cedff20999df2af8eb42d56 -> 
========================================================================
Received Prepare
Registering precompiled user dll's ...
Registered in 0.003275 seconds.
Begin MonoManager ReloadAssembly
Native extension for WindowsStandalone target not found
Refreshing native plugins compatible for Editor in 0.47 ms, found 2 plugins.
Preloading 0 native plugins for Editor in 0.00 ms.
Mono: successfully reloaded assembly
- Completed reload, in  1.482 seconds
Domain Reload Profiling:
	ReloadAssembly (1482ms)
		BeginReloadAssembly (116ms)
			ExecutionOrderSort (0ms)
			DisableScriptedObjects (4ms)
			BackupInstance (0ms)
			ReleaseScriptingObjects (0ms)
			CreateAndSetChildDomain (40ms)
		EndReloadAssembly (1281ms)
			LoadAssemblies (101ms)
			RebuildTransferFunctionScriptingTraits (0ms)
			SetupTypeCache (374ms)
			ReleaseScriptCaches (1ms)
			RebuildScriptCaches (62ms)
			SetupLoadedEditorAssemblies (562ms)
				LogAssemblyErrors (0ms)
				InitializePlatformSupportModulesInManaged (6ms)
				SetLoadedEditorAssemblies (1ms)
				RefreshPlugins (1ms)
				BeforeProcessingInitializeOnLoad (70ms)
				ProcessInitializeOnLoadAttributes (476ms)
				ProcessInitializeOnLoadMethodAttributes (4ms)
				AfterProcessingInitializeOnLoad (5ms)
				EditorAssembliesLoaded (0ms)
			ExecutionOrderSort2 (0ms)
			AwakeInstancesAfterBackupRestoration (6ms)
Platform modules already initialized, skipping
Refreshing native plugins compatible for Editor in 0.64 ms, found 2 plugins.
Preloading 0 native plugins for Editor in 0.00 ms.
Unloading 1397 Unused Serialized files (Serialized files now loaded: 0)
System memory in use before: 68.7 MB.
System memory in use after: 68.8 MB.

Unloading 14 unused Assets to reduce memory usage. Loaded Objects now: 1914.
Total: 5.399500 ms (FindLiveObjects: 0.293000 ms CreateObjectMapping: 0.081000 ms MarkObjects: 4.887300 ms  DeleteObjects: 0.135600 ms)

AssetImportParameters requested are different than current active one (requested -> active):
  custom:framework-win-MediaFoundation: 216162199b28c13a410421893ffa2e32 -> 
  custom:video-decoder-ogg-theora: a1e56fd34408186e4bbccfd4996cb3dc -> 
  custom:container-muxer-webm: aa71ff27fc2769a1b78a27578f13a17b -> 
  custom:container-demuxer-webm: 4f35f7cbe854078d1ac9338744f61a02 -> 
  custom:container-demuxer-ogg: 62fdf1f143b41e24485cea50d1cbac27 -> 
  custom:video-encoder-webm-vp8: eb34c28f22e8b96e1ab97ce403110664 -> 
  custom:video-decoder-webm-vp8: 9c59270c3fd7afecdb556c50c9e8de78 -> 
  custom:audio-decoder-ogg-vorbis: bf7c407c2cedff20999df2af8eb42d56 -> 
  custom:audio-encoder-webm-vorbis: bf7c407c2cedff20999df2af8eb42d56 -> 
========================================================================
Received Prepare
Registering precompiled user dll's ...
Registered in 0.003301 seconds.
Begin MonoManager ReloadAssembly
Native extension for WindowsStandalone target not found
Refreshing native plugins compatible for Editor in 0.53 ms, found 2 plugins.
Preloading 0 native plugins for Editor in 0.00 ms.
Mono: successfully reloaded assembly
- Completed reload, in  1.498 seconds
Domain Reload Profiling:
	ReloadAssembly (1499ms)
		BeginReloadAssembly (124ms)
			ExecutionOrderSort (0ms)
			DisableScriptedObjects (7ms)
			BackupInstance (0ms)
			ReleaseScriptingObjects (0ms)
			CreateAndSetChildDomain (43ms)
		EndReloadAssembly (1292ms)
			LoadAssemblies (105ms)
			RebuildTransferFunctionScriptingTraits (0ms)
			SetupTypeCache (353ms)
			ReleaseScriptCaches (1ms)
			RebuildScriptCaches (78ms)
			SetupLoadedEditorAssemblies (609ms)
				LogAssemblyErrors (0ms)
				InitializePlatformSupportModulesInManaged (5ms)
				SetLoadedEditorAssemblies (1ms)
				RefreshPlugins (1ms)
				BeforeProcessingInitializeOnLoad (63ms)
				ProcessInitializeOnLoadAttributes (525ms)
				ProcessInitializeOnLoadMethodAttributes (7ms)
				AfterProcessingInitializeOnLoad (6ms)
				EditorAssembliesLoaded (0ms)
			ExecutionOrderSort2 (0ms)
			AwakeInstancesAfterBackupRestoration (7ms)
Platform modules already initialized, skipping
Refreshing native plugins compatible for Editor in 0.43 ms, found 2 plugins.
Preloading 0 native plugins for Editor in 0.00 ms.
Unloading 1397 Unused Serialized files (Serialized files now loaded: 0)
System memory in use before: 68.7 MB.
System memory in use after: 68.8 MB.

Unloading 14 unused Assets to reduce memory usage. Loaded Objects now: 1917.
Total: 3.235400 ms (FindLiveObjects: 0.328900 ms CreateObjectMapping: 0.096800 ms MarkObjects: 2.742600 ms  DeleteObjects: 0.064800 ms)

AssetImportParameters requested are different than current active one (requested -> active):
  custom:framework-win-MediaFoundation: 216162199b28c13a410421893ffa2e32 -> 
  custom:video-decoder-ogg-theora: a1e56fd34408186e4bbccfd4996cb3dc -> 
  custom:container-muxer-webm: aa71ff27fc2769a1b78a27578f13a17b -> 
  custom:container-demuxer-webm: 4f35f7cbe854078d1ac9338744f61a02 -> 
  custom:container-demuxer-ogg: 62fdf1f143b41e24485cea50d1cbac27 -> 
  custom:video-encoder-webm-vp8: eb34c28f22e8b96e1ab97ce403110664 -> 
  custom:video-decoder-webm-vp8: 9c59270c3fd7afecdb556c50c9e8de78 -> 
  custom:audio-decoder-ogg-vorbis: bf7c407c2cedff20999df2af8eb42d56 -> 
  custom:audio-encoder-webm-vorbis: bf7c407c2cedff20999df2af8eb42d56 -> 
========================================================================
Received Import Request.
  Time since last request: 2340.661146 seconds.
  path: Assets/Prefabs/Projectile.prefab
  artifactKey: Guid(711e4a5930115f4469378c84dda44c83) Importer(815301076,1909f56bfc062723c751e8b465ee728b)
Start importing Assets/Prefabs/Projectile.prefab using Guid(711e4a5930115f4469378c84dda44c83) Importer(815301076,1909f56bfc062723c751e8b465ee728b)  -> (artifact id: '0557cad959f45fc0097528d65a4fa2d9') in 0.066088 seconds 
  Import took 0.069315 seconds .

========================================================================
Received Import Request.
  Time since last request: 1.810820 seconds.
  path: Assets/Prefabs/ProjectileLine.prefab
  artifactKey: Guid(79bc9bb602785eb44992e319dba1ce62) Importer(815301076,1909f56bfc062723c751e8b465ee728b)
Start importing Assets/Prefabs/ProjectileLine.prefab using Guid(79bc9bb602785eb44992e319dba1ce62) Importer(815301076,1909f56bfc062723c751e8b465ee728b)  -> (artifact id: '951ae31aef45faeb2180cca34159194b') in 0.028410 seconds 
  Import took 0.032153 seconds .

========================================================================
Received Import Request.
  Time since last request: 0.037259 seconds.
  path: Assets/Prefabs/ProjectileLine.prefab
  artifactKey: Guid(79bc9bb602785eb44992e319dba1ce62) Importer(815301076,1909f56bfc062723c751e8b465ee728b)
Start importing Assets/Prefabs/ProjectileLine.prefab using Guid(79bc9bb602785eb44992e319dba1ce62) Importer(815301076,1909f56bfc062723c751e8b465ee728b)  -> (artifact id: '951ae31aef45faeb2180cca34159194b') in 0.011498 seconds 
  Import took 0.017456 seconds .

========================================================================
Received Import Request.
  Time since last request: 15.478646 seconds.
  path: Assets/SlingShot.cs
  artifactKey: Guid(c9119d3e72d8f1f4fbce38ac46767243) Importer(815301076,1909f56bfc062723c751e8b465ee728b)
Start importing Assets/SlingShot.cs using Guid(c9119d3e72d8f1f4fbce38ac46767243) Importer(815301076,1909f56bfc062723c751e8b465ee728b)  -> (artifact id: '1a73db37c1c32020da6f555a29114812') in 0.005419 seconds 
  Import took 0.008669 seconds .

========================================================================
Received Import Request.
  Time since last request: 0.009498 seconds.
  path: Assets/SlingShot.cs
  artifactKey: Guid(c9119d3e72d8f1f4fbce38ac46767243) Importer(815301076,1909f56bfc062723c751e8b465ee728b)
Start importing Assets/SlingShot.cs using Guid(c9119d3e72d8f1f4fbce38ac46767243) Importer(815301076,1909f56bfc062723c751e8b465ee728b)  -> (artifact id: '1a73db37c1c32020da6f555a29114812') in 0.002667 seconds 
  Import took 0.005859 seconds .

========================================================================
Received Prepare
Registering precompiled user dll's ...
Registered in 0.002099 seconds.
Begin MonoManager ReloadAssembly
Native extension for WindowsStandalone target not found
Refreshing native plugins compatible for Editor in 0.46 ms, found 2 plugins.
Preloading 0 native plugins for Editor in 0.00 ms.
Mono: successfully reloaded assembly
- Completed reload, in  1.577 seconds
Domain Reload Profiling:
	ReloadAssembly (1578ms)
		BeginReloadAssembly (146ms)
			ExecutionOrderSort (0ms)
			DisableScriptedObjects (4ms)
			BackupInstance (0ms)
			ReleaseScriptingObjects (0ms)
			CreateAndSetChildDomain (38ms)
		EndReloadAssembly (1349ms)
			LoadAssemblies (116ms)
			RebuildTransferFunctionScriptingTraits (0ms)
			SetupTypeCache (379ms)
			ReleaseScriptCaches (2ms)
			RebuildScriptCaches (63ms)
			SetupLoadedEditorAssemblies (617ms)
				LogAssemblyErrors (0ms)
				InitializePlatformSupportModulesInManaged (5ms)
				SetLoadedEditorAssemblies (0ms)
				RefreshPlugins (1ms)
				BeforeProcessingInitializeOnLoad (65ms)
				ProcessInitializeOnLoadAttributes (526ms)
				ProcessInitializeOnLoadMethodAttributes (7ms)
				AfterProcessingInitializeOnLoad (12ms)
				EditorAssembliesLoaded (0ms)
			ExecutionOrderSort2 (0ms)
			AwakeInstancesAfterBackupRestoration (14ms)
Platform modules already initialized, skipping
Refreshing native plugins compatible for Editor in 0.68 ms, found 2 plugins.
Preloading 0 native plugins for Editor in 0.00 ms.
Unloading 1397 Unused Serialized files (Serialized files now loaded: 0)
System memory in use before: 68.8 MB.
System memory in use after: 68.9 MB.

Unloading 15 unused Assets to reduce memory usage. Loaded Objects now: 1922.
Total: 6.465500 ms (FindLiveObjects: 0.386400 ms CreateObjectMapping: 0.103800 ms MarkObjects: 5.847600 ms  DeleteObjects: 0.124400 ms)

AssetImportParameters requested are different than current active one (requested -> active):
  custom:framework-win-MediaFoundation: 216162199b28c13a410421893ffa2e32 -> 
  custom:video-decoder-ogg-theora: a1e56fd34408186e4bbccfd4996cb3dc -> 
  custom:container-muxer-webm: aa71ff27fc2769a1b78a27578f13a17b -> 
  custom:container-demuxer-webm: 4f35f7cbe854078d1ac9338744f61a02 -> 
  custom:container-demuxer-ogg: 62fdf1f143b41e24485cea50d1cbac27 -> 
  custom:video-encoder-webm-vp8: eb34c28f22e8b96e1ab97ce403110664 -> 
  custom:video-decoder-webm-vp8: 9c59270c3fd7afecdb556c50c9e8de78 -> 
  custom:audio-decoder-ogg-vorbis: bf7c407c2cedff20999df2af8eb42d56 -> 
  custom:audio-encoder-webm-vorbis: bf7c407c2cedff20999df2af8eb42d56 -> 
========================================================================
Received Prepare
Registering precompiled user dll's ...
Registered in 0.003625 seconds.
Begin MonoManager ReloadAssembly
Native extension for WindowsStandalone target not found
Refreshing native plugins compatible for Editor in 0.40 ms, found 2 plugins.
Preloading 0 native plugins for Editor in 0.00 ms.
Mono: successfully reloaded assembly
- Completed reload, in  1.549 seconds
Domain Reload Profiling:
	ReloadAssembly (1550ms)
		BeginReloadAssembly (151ms)
			ExecutionOrderSort (0ms)
			DisableScriptedObjects (8ms)
			BackupInstance (0ms)
			ReleaseScriptingObjects (0ms)
			CreateAndSetChildDomain (50ms)
		EndReloadAssembly (1296ms)
			LoadAssemblies (117ms)
			RebuildTransferFunctionScriptingTraits (0ms)
			SetupTypeCache (417ms)
			ReleaseScriptCaches (1ms)
			RebuildScriptCaches (73ms)
			SetupLoadedEditorAssemblies (534ms)
				LogAssemblyErrors (0ms)
				InitializePlatformSupportModulesInManaged (7ms)
				SetLoadedEditorAssemblies (1ms)
				RefreshPlugins (0ms)
				BeforeProcessingInitializeOnLoad (63ms)
				ProcessInitializeOnLoadAttributes (450ms)
				ProcessInitializeOnLoadMethodAttributes (6ms)
				AfterProcessingInitializeOnLoad (5ms)
				EditorAssembliesLoaded (0ms)
			ExecutionOrderSort2 (0ms)
			AwakeInstancesAfterBackupRestoration (7ms)
Platform modules already initialized, skipping
Refreshing native plugins compatible for Editor in 0.76 ms, found 2 plugins.
Preloading 0 native plugins for Editor in 0.00 ms.
Unloading 1397 Unused Serialized files (Serialized files now loaded: 0)
System memory in use before: 68.8 MB.
System memory in use after: 68.9 MB.

Unloading 14 unused Assets to reduce memory usage. Loaded Objects now: 1925.
Total: 3.140000 ms (FindLiveObjects: 0.272900 ms CreateObjectMapping: 0.070500 ms MarkObjects: 2.723100 ms  DeleteObjects: 0.071200 ms)

AssetImportParameters requested are different than current active one (requested -> active):
  custom:framework-win-MediaFoundation: 216162199b28c13a410421893ffa2e32 -> 
  custom:video-decoder-ogg-theora: a1e56fd34408186e4bbccfd4996cb3dc -> 
  custom:container-muxer-webm: aa71ff27fc2769a1b78a27578f13a17b -> 
  custom:container-demuxer-webm: 4f35f7cbe854078d1ac9338744f61a02 -> 
  custom:container-demuxer-ogg: 62fdf1f143b41e24485cea50d1cbac27 -> 
  custom:video-encoder-webm-vp8: eb34c28f22e8b96e1ab97ce403110664 -> 
  custom:video-decoder-webm-vp8: 9c59270c3fd7afecdb556c50c9e8de78 -> 
  custom:audio-decoder-ogg-vorbis: bf7c407c2cedff20999df2af8eb42d56 -> 
  custom:audio-encoder-webm-vorbis: bf7c407c2cedff20999df2af8eb42d56 -> 
AssetImportWorkerClient::OnTransportError - code=2 error=End of file
